R1 =  1020.4
R2 =  2004.2
R3 =  3090.6
R4 =  4005.6
R5 =  3031.3
R6 =  2064.3
R7 =  1042.5
Va =  5.0737
Id =  0.0010404
Kb =  0.0071153
Kc =  8012.1
G1 =  0.00097998
G2 =  0.00049896
G3 =  0.00032356
G4 =  0.00024965
G5 =  0.00032989
G6 =  0.00048443
G7 =  0.00095927
G67 =  0.00032188
Z = 0
um =  1
D =

   8116.63899  -3090.57926  -4005.62948
  -3090.57926   2950.03633      0.00000
  -4005.62948      0.00000   -899.71496

E =

   5.07374
   0.00000
   0.00000

F =

   0.00022339
   0.00023403
  -0.00099456

Vcm = -7.9685
Vbm =  0.032892
A =

   1.00000   0.00000   0.00000  -1.00000   0.00000   0.00000   0.00000
  -0.00098   0.00180  -0.00050   0.00000   0.00000   0.00000   0.00000
   0.00000  -0.00761   0.00050   0.00000   0.00000   0.00000   0.00000
   0.00000   0.00712   0.00000   0.00000   0.00033   0.00000   0.00000
   0.00000   0.00000   0.00000   0.00048   0.00000  -0.00144   0.00096
  -0.00098   0.00098   0.00000  -0.00073   0.00000   0.00048   0.00000
   0.00000   0.00000   0.00000   3.88131   0.00000  -3.88131   1.00000

B =

   5.07374
   0.00000
   0.00000
   0.00104
   0.00000
   0.00000
   0.00000

C =

   0.195064
  -0.032892
  -0.501937
  -4.878681
   3.863224
  -6.931733
  -7.968523

Icn = -0.00099456
Vcn = -7.9685
Ibn = -0.0035714
fid =  19
ans = 0
fidf =  19
ans = 0
fidcm =  19
ans = 0
fidcn =  19
ans = 0
