fid =  19
m =
{
  [1,1] =
  {
    [1,1] = R1
    [2,1] = =
    [3,1] = 1.02043025561
    [4,1] = R2
    [5,1] = =
    [6,1] = 2.0041718511
    [7,1] = R3
    [8,1] = =
    [9,1] = 3.090579259
    [10,1] = R4
    [11,1] = =
    [12,1] = 4.00562948037
    [13,1] = R5
    [14,1] = =
    [15,1] = 3.03133870093
    [16,1] = R6
    [17,1] = =
    [18,1] = 2.06427287006
    [19,1] = R7
    [20,1] = =
    [21,1] = 1.04245638189
    [22,1] = Vs
    [23,1] = =
    [24,1] = 5.0737445952
    [25,1] = C
    [26,1] = =
    [27,1] = 1.04039410163
    [28,1] = Kb
    [29,1] = =
    [30,1] = 7.11526378475
    [31,1] = Kd
    [32,1] = =
    [33,1] = 8.01207369538
  }

}

vet =
{
  [1,1] =
  {
    [1,1] = 1.02043025561
  }

  [1,2] = [](0x0)
  [1,3] = [](0x0)
  [1,4] = [](0x0)
  [1,5] = [](0x0)
  [1,6] = [](0x0)
  [1,7] = [](0x0)
  [1,8] = [](0x0)
  [1,9] = [](0x0)
  [1,10] = [](0x0)
  [1,11] = [](0x0)
}

vet =
{
  [1,1] =
  {
    [1,1] = 1.02043025561
  }

  [1,2] =
  {
    [1,1] = 2.0041718511
  }

  [1,3] = [](0x0)
  [1,4] = [](0x0)
  [1,5] = [](0x0)
  [1,6] = [](0x0)
  [1,7] = [](0x0)
  [1,8] = [](0x0)
  [1,9] = [](0x0)
  [1,10] = [](0x0)
  [1,11] = [](0x0)
}

vet =
{
  [1,1] =
  {
    [1,1] = 1.02043025561
  }

  [1,2] =
  {
    [1,1] = 2.0041718511
  }

  [1,3] =
  {
    [1,1] = 3.090579259
  }

  [1,4] = [](0x0)
  [1,5] = [](0x0)
  [1,6] = [](0x0)
  [1,7] = [](0x0)
  [1,8] = [](0x0)
  [1,9] = [](0x0)
  [1,10] = [](0x0)
  [1,11] = [](0x0)
}

vet =
{
  [1,1] =
  {
    [1,1] = 1.02043025561
  }

  [1,2] =
  {
    [1,1] = 2.0041718511
  }

  [1,3] =
  {
    [1,1] = 3.090579259
  }

  [1,4] =
  {
    [1,1] = 4.00562948037
  }

  [1,5] = [](0x0)
  [1,6] = [](0x0)
  [1,7] = [](0x0)
  [1,8] = [](0x0)
  [1,9] = [](0x0)
  [1,10] = [](0x0)
  [1,11] = [](0x0)
}

vet =
{
  [1,1] =
  {
    [1,1] = 1.02043025561
  }

  [1,2] =
  {
    [1,1] = 2.0041718511
  }

  [1,3] =
  {
    [1,1] = 3.090579259
  }

  [1,4] =
  {
    [1,1] = 4.00562948037
  }

  [1,5] =
  {
    [1,1] = 3.03133870093
  }

  [1,6] = [](0x0)
  [1,7] = [](0x0)
  [1,8] = [](0x0)
  [1,9] = [](0x0)
  [1,10] = [](0x0)
  [1,11] = [](0x0)
}

vet =
{
  [1,1] =
  {
    [1,1] = 1.02043025561
  }

  [1,2] =
  {
    [1,1] = 2.0041718511
  }

  [1,3] =
  {
    [1,1] = 3.090579259
  }

  [1,4] =
  {
    [1,1] = 4.00562948037
  }

  [1,5] =
  {
    [1,1] = 3.03133870093
  }

  [1,6] =
  {
    [1,1] = 2.06427287006
  }

  [1,7] = [](0x0)
  [1,8] = [](0x0)
  [1,9] = [](0x0)
  [1,10] = [](0x0)
  [1,11] = [](0x0)
}

vet =
{
  [1,1] =
  {
    [1,1] = 1.02043025561
  }

  [1,2] =
  {
    [1,1] = 2.0041718511
  }

  [1,3] =
  {
    [1,1] = 3.090579259
  }

  [1,4] =
  {
    [1,1] = 4.00562948037
  }

  [1,5] =
  {
    [1,1] = 3.03133870093
  }

  [1,6] =
  {
    [1,1] = 2.06427287006
  }

  [1,7] =
  {
    [1,1] = 1.04245638189
  }

  [1,8] = [](0x0)
  [1,9] = [](0x0)
  [1,10] = [](0x0)
  [1,11] = [](0x0)
}

vet =
{
  [1,1] =
  {
    [1,1] = 1.02043025561
  }

  [1,2] =
  {
    [1,1] = 2.0041718511
  }

  [1,3] =
  {
    [1,1] = 3.090579259
  }

  [1,4] =
  {
    [1,1] = 4.00562948037
  }

  [1,5] =
  {
    [1,1] = 3.03133870093
  }

  [1,6] =
  {
    [1,1] = 2.06427287006
  }

  [1,7] =
  {
    [1,1] = 1.04245638189
  }

  [1,8] =
  {
    [1,1] = 5.0737445952
  }

  [1,9] = [](0x0)
  [1,10] = [](0x0)
  [1,11] = [](0x0)
}

vet =
{
  [1,1] =
  {
    [1,1] = 1.02043025561
  }

  [1,2] =
  {
    [1,1] = 2.0041718511
  }

  [1,3] =
  {
    [1,1] = 3.090579259
  }

  [1,4] =
  {
    [1,1] = 4.00562948037
  }

  [1,5] =
  {
    [1,1] = 3.03133870093
  }

  [1,6] =
  {
    [1,1] = 2.06427287006
  }

  [1,7] =
  {
    [1,1] = 1.04245638189
  }

  [1,8] =
  {
    [1,1] = 5.0737445952
  }

  [1,9] =
  {
    [1,1] = 1.04039410163
  }

  [1,10] = [](0x0)
  [1,11] = [](0x0)
}

vet =
{
  [1,1] =
  {
    [1,1] = 1.02043025561
  }

  [1,2] =
  {
    [1,1] = 2.0041718511
  }

  [1,3] =
  {
    [1,1] = 3.090579259
  }

  [1,4] =
  {
    [1,1] = 4.00562948037
  }

  [1,5] =
  {
    [1,1] = 3.03133870093
  }

  [1,6] =
  {
    [1,1] = 2.06427287006
  }

  [1,7] =
  {
    [1,1] = 1.04245638189
  }

  [1,8] =
  {
    [1,1] = 5.0737445952
  }

  [1,9] =
  {
    [1,1] = 1.04039410163
  }

  [1,10] =
  {
    [1,1] = 7.11526378475
  }

  [1,11] = [](0x0)
}

vet =
{
  [1,1] =
  {
    [1,1] = 1.02043025561
  }

  [1,2] =
  {
    [1,1] = 2.0041718511
  }

  [1,3] =
  {
    [1,1] = 3.090579259
  }

  [1,4] =
  {
    [1,1] = 4.00562948037
  }

  [1,5] =
  {
    [1,1] = 3.03133870093
  }

  [1,6] =
  {
    [1,1] = 2.06427287006
  }

  [1,7] =
  {
    [1,1] = 1.04245638189
  }

  [1,8] =
  {
    [1,1] = 5.0737445952
  }

  [1,9] =
  {
    [1,1] = 1.04039410163
  }

  [1,10] =
  {
    [1,1] = 7.11526378475
  }

  [1,11] =
  {
    [1,1] = 8.01207369538
  }

}

ans = 0
c =

   5.073744595200000e+00
   3.717676062042473e+00
   9.274088823484503e-01
   3.913344071672655e+00
   8.133663243952675e+00
   7.265359442586262e-01
   1.093436097213147e+00

Vx =  7.040227146739528
I1 =   -1.328918390749681e-03
I2 =   -1.392229502755749e-03
Vb =   -1.956680096301819e-01
I3 =   -6.331111200606874e-05
I4 =    9.769610721237201e-04
I5 =    1.392229502755745e-03
Id =    3.519573186259570e-04
I7 =    3.519573186259570e-04
foct1 =  19
ans = 0
F =

   0.000000000000000e+00
   0.000000000000000e+00
   0.000000000000000e+00
   0.000000000000000e+00
   7.040227146739528e+00
   0.000000000000000e+00
   0.000000000000000e+00

Ix =    2.322481200988732e-03
Req =  3031.338700930000
foct2 =  19
ans = 0
c =

   6.123233995736766e-17 - 1.000000000000000e+00i
   1.255021002065406e-16 - 9.550715133851424e-01i
   1.866119103996584e-15 - 8.626259779498057e-01i
   3.441006151240465e-18 - 9.615542739069545e-01i
  -8.609387208217592e-02 + 6.046418478573247e-01i
  -1.448048292149788e-18 + 4.046424106618790e-01i
  -2.179311685342850e-18 + 6.089865501871778e-01i

C2 =

   1.000000000000000e+00  -1.570796326794897e+00
   9.550715133851424e-01  -1.570796326794897e+00
   8.626259779498057e-01  -1.570796326794895e+00
   9.615542739069545e-01  -1.570796326794897e+00
   6.107404677851487e-01   1.712233799774094e+00
   4.046424106618790e-01   1.570796326794897e+00
   6.089865501871778e-01   1.570796326794897e+00

foct4 =  28
ans = 0
Symbolic pkg v2.8.0: Python communication link active, SymPy v1.5.1.
T = (sym 7×1 matrix)

  ⎡                       Vi                        ⎤
  ⎢                                                 ⎥
  ⎢ Vi⋅(1.5645688389e-17⋅ⅈ⋅π⋅fa + 2.4804606118e-15) ⎥
  ⎢ ─────────────────────────────────────────────── ⎥
  ⎢    1.6381693067e-17⋅ⅈ⋅π⋅fa + 2.5971464723e-15   ⎥
  ⎢                                                 ⎥
  ⎢ Vi⋅(1.4131274002e-17⋅ⅈ⋅π⋅fa + 2.2403660156e-15) ⎥
  ⎢ ─────────────────────────────────────────────── ⎥
  ⎢    1.6381693067e-17⋅ⅈ⋅π⋅fa + 2.5971464723e-15   ⎥
  ⎢                                                 ⎥
  ⎢ Vi⋅(1.5751886982e-17⋅ⅈ⋅π⋅fa + 2.4972972904e-15) ⎥
  ⎢ ─────────────────────────────────────────────── ⎥
  ⎢    1.6381693067e-17⋅ⅈ⋅π⋅fa + 2.5971464723e-15   ⎥
  ⎢                                                 ⎥
  ⎢-Vi⋅(9.9762307471e-18⋅ⅈ⋅π⋅fa - 2.8604438145e-15) ⎥
  ⎢─────────────────────────────────────────────────⎥
  ⎢    1.6381693067e-17⋅ⅈ⋅π⋅fa + 2.5971464723e-15   ⎥
  ⎢                                                 ⎥
  ⎢-Vi⋅(6.6287277733e-18⋅ⅈ⋅π⋅fa + 1.0509156094e-15) ⎥
  ⎢─────────────────────────────────────────────────⎥
  ⎢    1.6381693067e-17⋅ⅈ⋅π⋅fa + 2.5971464723e-15   ⎥
  ⎢                                                 ⎥
  ⎢-Vi⋅(9.9762307471e-18⋅ⅈ⋅π⋅fa + 1.5816272705e-15) ⎥
  ⎢─────────────────────────────────────────────────⎥
  ⎣    1.6381693067e-17⋅ⅈ⋅π⋅fa + 2.5971464723e-15   ⎦

v11 = (sym) Vi
v21 = (sym)

  Vi⋅(1.5645688389e-17⋅ⅈ⋅π⋅fa + 2.4804606118e-15)
  ───────────────────────────────────────────────
     1.6381693067e-17⋅ⅈ⋅π⋅fa + 2.5971464723e-15  

v31 = (sym)

  Vi⋅(1.4131274002e-17⋅ⅈ⋅π⋅fa + 2.2403660156e-15)
  ───────────────────────────────────────────────
     1.6381693067e-17⋅ⅈ⋅π⋅fa + 2.5971464723e-15  

v51 = (sym)

  Vi⋅(1.5751886982e-17⋅ⅈ⋅π⋅fa + 2.4972972904e-15)
  ───────────────────────────────────────────────
     1.6381693067e-17⋅ⅈ⋅π⋅fa + 2.5971464723e-15  

v61 = (sym)

  -Vi⋅(9.9762307471e-18⋅ⅈ⋅π⋅fa - 2.8604438145e-15) 
  ─────────────────────────────────────────────────
      1.6381693067e-17⋅ⅈ⋅π⋅fa + 2.5971464723e-15   

v71 = (sym)

  -Vi⋅(6.6287277733e-18⋅ⅈ⋅π⋅fa + 1.0509156094e-15) 
  ─────────────────────────────────────────────────
      1.6381693067e-17⋅ⅈ⋅π⋅fa + 2.5971464723e-15   

v81 = (sym)

  -Vi⋅(9.9762307471e-18⋅ⅈ⋅π⋅fa + 1.5816272705e-15) 
  ─────────────────────────────────────────────────
      1.6381693067e-17⋅ⅈ⋅π⋅fa + 2.5971464723e-15   

T1 = (sym)

  -9.9762307471e-18⋅ⅈ⋅π⋅fa + 2.8604438145e-15
  ───────────────────────────────────────────
   1.6381693067e-17⋅ⅈ⋅π⋅fa + 2.5971464723e-15

T2 = (sym)

               4.442071085e-15              
  ──────────────────────────────────────────
  1.6381693067e-17⋅ⅈ⋅π⋅fa + 2.5971464723e-15

T3 = (sym) Vi
fileID8 =  28
chr = \frac{- 9.9762307471 \cdot 10^{-18} i \pi fa + 2.8604438145 \cdot 10^{-15}}{1.6381693067 \cdot 10^{-17} i \pi fa + 2.5971464723 \cdot 10^{-15}}
chr = \frac{4.442071085 \cdot 10^{-15}}{1.6381693067 \cdot 10^{-17} i \pi fa + 2.5971464723 \cdot 10^{-15}}
freq_1 =

@(fa) (-9.9762307471e-18 * 1i * pi * fa + 2.8604438145e-15) ./ (1.6381693067e-17 * 1i * pi * fa + 2.5971464723e-15)

freq_2 =

@(fa) 4.442071085e-15 ./ (1.6381693067e-17 * 1i * pi * fa + 2.5971464723e-15)

freq_3 =

@(Vi) Vi

x =

 Columns 1 through 3:

   1.000000000000000e-01   1.389495494373137e-01   1.930697728883250e-01

 Columns 4 through 6:

   2.682695795279726e-01   3.727593720314940e-01   5.179474679231210e-01

 Columns 7 through 9:

   7.196856730011519e-01   1.000000000000000e+00   1.389495494373137e+00

 Columns 10 through 12:

   1.930697728883250e+00   2.682695795279725e+00   3.727593720314940e+00

 Columns 13 through 15:

   5.179474679231210e+00   7.196856730011517e+00   1.000000000000000e+01

 Columns 16 through 18:

   1.389495494373137e+01   1.930697728883250e+01   2.682695795279725e+01

 Columns 19 through 21:

   3.727593720314938e+01   5.179474679231208e+01   7.196856730011514e+01

 Columns 22 through 24:

   1.000000000000000e+02   1.389495494373137e+02   1.930697728883250e+02

 Columns 25 through 27:

   2.682695795279724e+02   3.727593720314938e+02   5.179474679231207e+02

 Columns 28 through 30:

   7.196856730011514e+02   1.000000000000000e+03   1.389495494373136e+03

 Columns 31 through 33:

   1.930697728883250e+03   2.682695795279722e+03   3.727593720314938e+03

 Columns 34 through 36:

   5.179474679231213e+03   7.196856730011514e+03   1.000000000000000e+04

 Columns 37 through 39:

   1.389495494373136e+04   1.930697728883250e+04   2.682695795279722e+04

 Columns 40 through 42:

   3.727593720314938e+04   5.179474679231202e+04   7.196856730011514e+04

 Columns 43 through 45:

   1.000000000000000e+05   1.389495494373136e+05   1.930697728883250e+05

 Columns 46 through 48:

   2.682695795279722e+05   3.727593720314938e+05   5.179474679231202e+05

 Columns 49 and 50:

   7.196856730011514e+05   1.000000000000000e+06

hf =  1
hf =  2
ans = 0
